<?xml version="1.0" encoding="UTF-8"?>
<testsuite name="com.bl.findmax.FindMaximumTest" tests="1" skipped="0" failures="0" errors="0" timestamp="2020-10-08T13:57:53" hostname="LAPTOP-RGI87V6B" time="0.006">
  <properties/>
  <testcase name="givenMoreThan3String_whenMaxFlAtAnyPosition_ReturnMaxString" classname="com.bl.findmax.FindMaximumTest" time="0.006"/>
  <system-out><![CDATA[Given Array:- 
Apple Ball Cat Dog Fish 
Maximum element is:- Fish
]]></system-out>
  <system-err><![CDATA[]]></system-err>
</testsuite>
