<?xml version="1.0" encoding="UTF-8"?>
<testsuite name="com.bl.findmax.FindMaximumTest" tests="1" skipped="0" failures="0" errors="0" timestamp="2020-10-08T13:06:26" hostname="LAPTOP-RGI87V6B" time="0.003">
  <properties/>
  <testcase name="givenThreeString_whenMaxStringAtPositionThree_ReturnPositionThreeString" classname="com.bl.findmax.FindMaximumTest" time="0.003"/>
  <system-out><![CDATA[]]></system-out>
  <system-err><![CDATA[]]></system-err>
</testsuite>
