<?xml version="1.0" encoding="UTF-8"?>
<testsuite name="com.bridgelabz.findMaxUsingGeneric.FindMaximumTest" tests="1" skipped="0" failures="0" errors="0" timestamp="2020-10-09T14:08:42" hostname="LAPTOP-RGI87V6B" time="0.007">
  <properties/>
  <testcase name="givenMoreThan3String_whenMaxFlAtAnyPosition_ReturnMaxString" classname="com.bridgelabz.findMaxUsingGeneric.FindMaximumTest" time="0.007"/>
  <system-out><![CDATA[Given Array:- 
Apple
Cat
Dog
Fish
Ball

Maximum element is:- Fish
]]></system-out>
  <system-err><![CDATA[]]></system-err>
</testsuite>
